2022-06-13 13:42:10.895  INFO 2464 --- [main] com.api.sportyShoes.SportyShoes          : Starting SportyShoes on Hello-PC with PID 2464 (C:\Users\Hello\eclipse-workspace\E-commerce-Website-for-Sporty-Shoes--main\E-commerce-Website-for-Sporty-Shoes--main\SpotyShoesStoreProject\target\classes started by Hello in C:\Users\Hello\eclipse-workspace\E-commerce-Website-for-Sporty-Shoes--main\E-commerce-Website-for-Sporty-Shoes--main\SpotyShoesStoreProject)
2022-06-13 13:42:10.943  INFO 2464 --- [main] com.api.sportyShoes.SportyShoes          : No active profile set, falling back to default profiles: default
2022-06-13 13:42:19.801  INFO 2464 --- [main] .s.d.r.c.RepositoryConfigurationDelegate : Bootstrapping Spring Data JPA repositories in DEFAULT mode.
2022-06-13 13:42:20.202  INFO 2464 --- [main] .s.d.r.c.RepositoryConfigurationDelegate : Finished Spring Data repository scanning in 300ms. Found 2 JPA repository interfaces.
2022-06-13 13:42:22.921  INFO 2464 --- [main] o.s.b.w.embedded.tomcat.TomcatWebServer  : Tomcat initialized with port(s): 8081 (http)
2022-06-13 13:42:22.955  INFO 2464 --- [main] o.apache.catalina.core.StandardService   : Starting service [Tomcat]
2022-06-13 13:42:22.957  INFO 2464 --- [main] org.apache.catalina.core.StandardEngine  : Starting Servlet engine: [Apache Tomcat/9.0.38]
2022-06-13 13:42:23.430  INFO 2464 --- [main] o.a.c.c.C.[Tomcat].[localhost].[/]       : Initializing Spring embedded WebApplicationContext
2022-06-13 13:42:23.430  INFO 2464 --- [main] w.s.c.ServletWebServerApplicationContext : Root WebApplicationContext: initialization completed in 11912 ms
2022-06-13 13:42:23.647  INFO 2464 --- [main] com.zaxxer.hikari.HikariDataSource       : HikariPool-1 - Starting...
2022-06-13 13:42:24.266  INFO 2464 --- [main] com.zaxxer.hikari.HikariDataSource       : HikariPool-1 - Start completed.
2022-06-13 13:42:24.285  INFO 2464 --- [main] o.s.b.a.h2.H2ConsoleAutoConfiguration    : H2 console available at '/h2-console'. Database available at 'jdbc:h2:mem:testdb'
2022-06-13 13:42:25.095  INFO 2464 --- [main] o.hibernate.jpa.internal.util.LogHelper  : HHH000204: Processing PersistenceUnitInfo [name: default]
2022-06-13 13:42:25.539  INFO 2464 --- [main] org.hibernate.Version                    : HHH000412: Hibernate ORM core version 5.4.21.Final
2022-06-13 13:42:26.231  INFO 2464 --- [main] o.hibernate.annotations.common.Version   : HCANN000001: Hibernate Commons Annotations {5.1.0.Final}
2022-06-13 13:42:26.588  INFO 2464 --- [main] org.hibernate.dialect.Dialect            : HHH000400: Using dialect: org.hibernate.dialect.H2Dialect
2022-06-13 13:42:28.437  INFO 2464 --- [main] o.h.e.t.j.p.i.JtaPlatformInitiator       : HHH000490: Using JtaPlatform implementation: [org.hibernate.engine.transaction.jta.platform.internal.NoJtaPlatform]
2022-06-13 13:42:28.462  INFO 2464 --- [main] j.LocalContainerEntityManagerFactoryBean : Initialized JPA EntityManagerFactory for persistence unit 'default'
2022-06-13 13:42:28.824  WARN 2464 --- [main] JpaBaseConfiguration$JpaWebConfiguration : spring.jpa.open-in-view is enabled by default. Therefore, database queries may be performed during view rendering. Explicitly configure spring.jpa.open-in-view to disable this warning
2022-06-13 13:42:33.254  INFO 2464 --- [main] o.s.s.web.DefaultSecurityFilterChain     : Creating filter chain: any request, [org.springframework.security.web.context.request.async.WebAsyncManagerIntegrationFilter@7dd2a5f7, org.springframework.security.web.context.SecurityContextPersistenceFilter@77fecd2c, org.springframework.security.web.header.HeaderWriterFilter@6eae3730, org.springframework.security.web.authentication.logout.LogoutFilter@1d4e06bb, org.springframework.security.web.authentication.www.BasicAuthenticationFilter@7c3223aa, org.springframework.security.web.savedrequest.RequestCacheAwareFilter@52b32622, org.springframework.security.web.servletapi.SecurityContextHolderAwareRequestFilter@1771d6a5, org.springframework.security.web.authentication.AnonymousAuthenticationFilter@1d45c4b7, org.springframework.security.web.session.SessionManagementFilter@3f267e1b, org.springframework.security.web.access.ExceptionTranslationFilter@55c581e4, org.springframework.security.web.access.intercept.FilterSecurityInterceptor@28941a68]
2022-06-13 13:42:33.337  INFO 2464 --- [main] pertySourcedRequestMappingHandlerMapping : Mapped URL path [/v2/api-docs] onto method [springfox.documentation.swagger2.web.Swagger2Controller#getDocumentation(String, HttpServletRequest)]
2022-06-13 13:42:33.702  INFO 2464 --- [main] o.s.s.concurrent.ThreadPoolTaskExecutor  : Initializing ExecutorService 'applicationTaskExecutor'
2022-06-13 13:42:34.190  INFO 2464 --- [main] d.s.w.p.DocumentationPluginsBootstrapper : Context refreshed
2022-06-13 13:42:34.276  INFO 2464 --- [main] d.s.w.p.DocumentationPluginsBootstrapper : Found 1 custom documentation plugin(s)
2022-06-13 13:42:34.481  INFO 2464 --- [main] s.d.s.w.s.ApiListingReferenceScanner     : Scanning for api listing references
2022-06-13 13:42:35.325  INFO 2464 --- [main] o.s.b.w.embedded.tomcat.TomcatWebServer  : Tomcat started on port(s): 8081 (http) with context path ''
2022-06-13 13:42:35.333  INFO 2464 --- [main] com.api.sportyShoes.SportyShoes          : Started SportyShoes in 27.407 seconds (JVM running for 30.541)
2022-06-13 13:44:25.929  INFO 2464 --- [http-nio-8081-exec-1] o.a.c.c.C.[Tomcat].[localhost].[/]       : Initializing Spring DispatcherServlet 'dispatcherServlet'
2022-06-13 13:44:25.930  INFO 2464 --- [http-nio-8081-exec-1] o.s.web.servlet.DispatcherServlet        : Initializing Servlet 'dispatcherServlet'
2022-06-13 13:44:25.997  INFO 2464 --- [http-nio-8081-exec-1] o.s.web.servlet.DispatcherServlet        : Completed initialization in 66 ms
2022-06-13 13:44:26.396  WARN 2464 --- [http-nio-8081-exec-1] o.a.c.util.SessionIdGeneratorBase        : Creation of SecureRandom instance for session ID generation using [SHA1PRNG] took [172] milliseconds.
